\BOOKMARK [1][-]{section.1}{\376\377\004\022\004\062\004\065\004\064\004\065\004\075\004\070\004\065}{}% 1
\BOOKMARK [1][-]{section.2}{\376\377\004\036\004\061\004\067\004\076\004\100\000\040\004\073\004\070\004\102\004\065\004\100\004\060\004\102\004\103\004\100\004\113}{}% 2
\BOOKMARK [1][-]{section.3}{\376\377\004\027\004\060\004\064\004\060\004\107\004\060\000\040\004\077\004\100\004\076\004\063\004\075\004\076\004\067\004\070\004\100\004\076\004\062\004\060\004\075\004\070\004\117}{}% 3
\BOOKMARK [2][-]{subsection.3.1}{\376\377\004\036\004\101\004\075\004\076\004\062\004\075\004\113\004\065\000\040\004\077\004\076\004\075\004\117\004\102\004\070\004\117\000\040\004\070\000\040\004\076\004\077\004\100\004\065\004\064\004\065\004\073\004\065\004\075\004\070\004\117}{section.3}% 4
\BOOKMARK [2][-]{subsection.3.2}{\376\377\004\037\004\076\004\101\004\102\004\060\004\075\004\076\004\062\004\072\004\060\000\040\004\067\004\060\004\064\004\060\004\107\004\070}{section.3}% 5
\BOOKMARK [3][-]{subsubsection.3.2.1}{\376\377\004\036\004\077\004\070\004\101\004\060\004\075\004\070\004\065\000\040\004\115\004\072\004\101\004\077\004\065\004\100\004\070\004\074\004\065\004\075\004\102\004\060}{subsection.3.2}% 6
\BOOKMARK [3][-]{subsubsection.3.2.2}{\376\377\004\036\004\077\004\070\004\101\004\060\004\075\004\070\004\065\000\040\004\075\004\060\004\061\004\076\004\100\004\060\000\040\004\064\004\060\004\075\004\075\004\113\004\105}{subsection.3.2}% 7
\BOOKMARK [2][-]{subsection.3.3}{\376\377\004\041\004\062\004\065\004\064\004\065\004\075\004\070\004\065\000\040\004\072\000\040\004\067\004\060\004\064\004\060\004\107\004\065\000\040\004\063\004\073\004\103\004\061\004\070\004\075\004\075\004\076\004\063\004\076\000\040\004\076\004\061\004\103\004\107\004\065\004\075\004\070\004\117}{section.3}% 8
\BOOKMARK [1][-]{section.4}{\376\377\000L\000S\000T\000M}{}% 9
\BOOKMARK [2][-]{subsection.4.1}{\376\377\004\037\004\100\004\076\004\061\004\073\004\065\004\074\004\060\000\040\004\064\004\076\004\073\004\063\004\076\004\062\004\100\004\065\004\074\004\065\004\075\004\075\004\113\004\105\000\040\004\067\004\060\004\062\004\070\004\101\004\070\004\074\004\076\004\101\004\102\004\065\004\071}{section.4}% 10
\BOOKMARK [2][-]{subsection.4.2}{\376\377\000L\000S\000T\000M\000\040\004\101\004\065\004\102\004\114}{section.4}% 11
\BOOKMARK [2][-]{subsection.4.3}{\376\377\004\050\004\060\004\063\004\070\000\040\004\100\004\060\004\061\004\076\004\102\004\113}{section.4}% 12
\BOOKMARK [1][-]{section.5}{\376\377\004\022\004\113\004\107\004\070\004\101\004\073\004\070\004\102\004\065\004\073\004\114\004\075\004\113\004\071\000\040\004\115\004\072\004\101\004\077\004\065\004\100\004\070\004\074\004\065\004\075\004\102}{}% 13
\BOOKMARK [2][-]{subsection.5.1}{\376\377\004\037\004\100\004\065\004\064\004\076\004\061\004\100\004\060\004\061\004\076\004\102\004\072\004\060\000\040\004\064\004\060\004\075\004\075\004\113\004\105}{section.5}% 14
\BOOKMARK [2][-]{subsection.5.2}{\376\377\004\036\004\061\004\103\004\107\004\065\004\075\004\070\004\065\000\040\004\074\004\076\004\064\004\065\004\073\004\070}{section.5}% 15
\BOOKMARK [2][-]{subsection.5.3}{\376\377\004\022\004\060\004\073\004\070\004\064\004\060\004\106\004\070\004\117\000\040\004\074\004\076\004\064\004\065\004\073\004\070}{section.5}% 16
\BOOKMARK [2][-]{subsection.5.4}{\376\377\004\037\004\100\004\076\004\062\004\065\004\100\004\072\004\060\000\040\004\075\004\060\000\040\004\102\004\065\004\101\004\102\004\076\004\062\004\113\004\105\000\040\004\064\004\060\004\075\004\075\004\113\004\105}{section.5}% 17
\BOOKMARK [2][-]{subsection.5.5}{\376\377\004\040\004\065\004\067\004\103\004\073\004\114\004\102\004\060\004\102\004\113}{section.5}% 18
\BOOKMARK [1][-]{section.6}{\376\377\004\027\004\060\004\072\004\073\004\116\004\107\004\065\004\075\004\070\004\065}{}% 19
\BOOKMARK [2][-]{subsection.6.1}{\376\377\004\030\004\102\004\076\004\063\004\070\000\040\004\100\004\060\004\061\004\076\004\102\004\113}{section.6}% 20
\BOOKMARK [2][-]{subsection.6.2}{\376\377\004\024\004\060\004\073\004\114\004\075\004\065\004\071\004\110\004\070\004\065\000\040\004\070\004\101\004\101\004\073\004\065\004\064\004\076\004\062\004\060\004\075\004\070\004\117}{section.6}% 21
\BOOKMARK [1][-]{Item.18}{\376\377\004\041\004\077\004\070\004\101\004\076\004\072\000\040\004\073\004\070\004\102\004\065\004\100\004\060\004\102\004\103\004\100\004\113}{}% 22
